Start testing: Sep 12 15:08 CEST
----------------------------------------------------------
1/1 Testing: crypto_test
1/1 Test: crypto_test
Command: "/home/qwop/Documents/GitHub/openssl-example/build/tests/crypto_test"
Directory: /home/qwop/Documents/GitHub/openssl-example/build/tests
"crypto_test" start time: Sep 12 15:08 CEST
Output:
----------------------------------------------------------
<end of output>
Test time =   0.03 sec
----------------------------------------------------------
Test Passed.
"crypto_test" end time: Sep 12 15:08 CEST
"crypto_test" time elapsed: 00:00:00
----------------------------------------------------------

End testing: Sep 12 15:08 CEST
